2022-10-02T12:44:43+00:00 CRITICAL Unmatched '}' in E:\xampp\htdocs\bhavik\customwordpress\wp-content\themes\Custom WP Theme\front-page.php on line 15

2022-10-02T19:29:01+00:00 CRITICAL Uncaught Error: Call to undefined method WC_Cart::get_cart_contents_value() in E:\xampp\htdocs\bhavik\customwordpress\wp-content\themes\Custom WP Theme\header.php:34
Stack trace:
#0 E:\xampp\htdocs\bhavik\customwordpress\wp-includes\template.php(770): require_once()
#1 E:\xampp\htdocs\bhavik\customwordpress\wp-includes\template.php(716): load_template('E:\\xampp\\htdocs...', true, Array)
#2 E:\xampp\htdocs\bhavik\customwordpress\wp-includes\general-template.php(48): locate_template(Array, true, true, Array)
#3 E:\xampp\htdocs\bhavik\customwordpress\wp-content\themes\Custom WP Theme\page.php(1): get_header()
#4 E:\xampp\htdocs\bhavik\customwordpress\wp-includes\template-loader.php(106): include('E:\\xampp\\htdocs...')
#5 E:\xampp\htdocs\bhavik\customwordpress\wp-blog-header.php(19): require_once('E:\\xampp\\htdocs...')
#6 E:\xampp\htdocs\bhavik\customwordpress\index.php(17): require('E:\\xampp\\htdocs...')
#7 {main}
  thrown in E:\xampp\htdocs\bhavik\customwordpress\wp-content\themes\Custom WP Theme\header.php on line 34

2022-10-02T19:29:15+00:00 CRITICAL Uncaught Error: Call to undefined method WC_Cart::get_cart_contents_value() in E:\xampp\htdocs\bhavik\customwordpress\wp-content\themes\Custom WP Theme\header.php:34
Stack trace:
#0 E:\xampp\htdocs\bhavik\customwordpress\wp-includes\template.php(770): require_once()
#1 E:\xampp\htdocs\bhavik\customwordpress\wp-includes\template.php(716): load_template('E:\\xampp\\htdocs...', true, Array)
#2 E:\xampp\htdocs\bhavik\customwordpress\wp-includes\general-template.php(48): locate_template(Array, true, true, Array)
#3 E:\xampp\htdocs\bhavik\customwordpress\wp-content\themes\Custom WP Theme\page.php(1): get_header()
#4 E:\xampp\htdocs\bhavik\customwordpress\wp-includes\template-loader.php(106): include('E:\\xampp\\htdocs...')
#5 E:\xampp\htdocs\bhavik\customwordpress\wp-blog-header.php(19): require_once('E:\\xampp\\htdocs...')
#6 E:\xampp\htdocs\bhavik\customwordpress\index.php(17): require('E:\\xampp\\htdocs...')
#7 {main}
  thrown in E:\xampp\htdocs\bhavik\customwordpress\wp-content\themes\Custom WP Theme\header.php on line 34

2022-10-02T19:30:26+00:00 CRITICAL Uncaught Error: Call to a member function get_cart_total() on null in E:\xampp\htdocs\bhavik\customwordpress\wp-content\themes\Custom WP Theme\header.php:34
Stack trace:
#0 E:\xampp\htdocs\bhavik\customwordpress\wp-includes\template.php(770): require_once()
#1 E:\xampp\htdocs\bhavik\customwordpress\wp-includes\template.php(716): load_template('E:\\xampp\\htdocs...', true, Array)
#2 E:\xampp\htdocs\bhavik\customwordpress\wp-includes\general-template.php(48): locate_template(Array, true, true, Array)
#3 E:\xampp\htdocs\bhavik\customwordpress\wp-content\themes\Custom WP Theme\page.php(1): get_header()
#4 E:\xampp\htdocs\bhavik\customwordpress\wp-includes\template-loader.php(106): include('E:\\xampp\\htdocs...')
#5 E:\xampp\htdocs\bhavik\customwordpress\wp-blog-header.php(19): require_once('E:\\xampp\\htdocs...')
#6 E:\xampp\htdocs\bhavik\customwordpress\index.php(17): require('E:\\xampp\\htdocs...')
#7 {main}
  thrown in E:\xampp\htdocs\bhavik\customwordpress\wp-content\themes\Custom WP Theme\header.php on line 34

2022-10-02T19:30:30+00:00 CRITICAL Uncaught Error: Call to a member function get_cart_total() on null in E:\xampp\htdocs\bhavik\customwordpress\wp-content\themes\Custom WP Theme\header.php:34
Stack trace:
#0 E:\xampp\htdocs\bhavik\customwordpress\wp-includes\template.php(770): require_once()
#1 E:\xampp\htdocs\bhavik\customwordpress\wp-includes\template.php(716): load_template('E:\\xampp\\htdocs...', true, Array)
#2 E:\xampp\htdocs\bhavik\customwordpress\wp-includes\general-template.php(48): locate_template(Array, true, true, Array)
#3 E:\xampp\htdocs\bhavik\customwordpress\wp-content\themes\Custom WP Theme\page.php(1): get_header()
#4 E:\xampp\htdocs\bhavik\customwordpress\wp-includes\template-loader.php(106): include('E:\\xampp\\htdocs...')
#5 E:\xampp\htdocs\bhavik\customwordpress\wp-blog-header.php(19): require_once('E:\\xampp\\htdocs...')
#6 E:\xampp\htdocs\bhavik\customwordpress\index.php(17): require('E:\\xampp\\htdocs...')
#7 {main}
  thrown in E:\xampp\htdocs\bhavik\customwordpress\wp-content\themes\Custom WP Theme\header.php on line 34

