2022-10-04T08:30:33+00:00 CRITICAL syntax error, unexpected token "<", expecting end of file in E:\xampp\htdocs\bhavik\customwordpress\wp-content\themes\Custom WP Theme\woocommerce\archive-product.php on line 91

2022-10-04T08:50:36+00:00 CRITICAL syntax error, unexpected token "<", expecting end of file in E:\xampp\htdocs\bhavik\customwordpress\wp-content\themes\Custom WP Theme\woocommerce\single-product.php on line 37

2022-10-04T08:50:52+00:00 CRITICAL syntax error, unexpected token "<", expecting end of file in E:\xampp\htdocs\bhavik\customwordpress\wp-content\themes\Custom WP Theme\woocommerce\single-product.php on line 37

2022-10-04T08:51:50+00:00 CRITICAL syntax error, unexpected token "<", expecting end of file in E:\xampp\htdocs\bhavik\customwordpress\wp-content\themes\Custom WP Theme\woocommerce\single-product.php on line 61

2022-10-04T17:33:36+00:00 CRITICAL syntax error, unexpected token "echo" in E:\xampp\htdocs\bhavik\customwordpress\wp-content\themes\Custom WP Theme\front-page.php on line 205

2022-10-04T18:29:59+00:00 CRITICAL syntax error, unexpected token "}", expecting "," or ";" in E:\xampp\htdocs\bhavik\customwordpress\wp-content\themes\Custom WP Theme\front-page.php on line 208

2022-10-04T18:31:19+00:00 CRITICAL syntax error, unexpected token "=" in E:\xampp\htdocs\bhavik\customwordpress\wp-content\themes\Custom WP Theme\front-page.php on line 199

2022-10-04T18:31:58+00:00 CRITICAL syntax error, unexpected token "=" in E:\xampp\htdocs\bhavik\customwordpress\wp-content\themes\Custom WP Theme\front-page.php on line 200

2022-10-04T18:41:35+00:00 CRITICAL syntax error, unexpected token "echo", expecting "," or ";" in E:\xampp\htdocs\bhavik\customwordpress\wp-content\themes\Custom WP Theme\front-page.php on line 208

2022-10-04T18:42:14+00:00 CRITICAL syntax error, unexpected single-quoted string ";" in E:\xampp\htdocs\bhavik\customwordpress\wp-content\themes\Custom WP Theme\front-page.php on line 208

2022-10-04T18:42:59+00:00 CRITICAL syntax error, unexpected token "=" in E:\xampp\htdocs\bhavik\customwordpress\wp-content\themes\Custom WP Theme\front-page.php on line 207

2022-10-04T18:49:28+00:00 CRITICAL syntax error, unexpected token "echo" in E:\xampp\htdocs\bhavik\customwordpress\wp-content\themes\Custom WP Theme\front-page.php on line 209

2022-10-04T19:08:17+00:00 CRITICAL syntax error, unexpected token "as", expecting ";" in E:\xampp\htdocs\bhavik\customwordpress\wp-content\themes\Custom WP Theme\front-page.php on line 111

2022-10-04T19:11:51+00:00 CRITICAL syntax error, unexpected token "endforeach", expecting "elseif" or "else" or "endif" in E:\xampp\htdocs\bhavik\customwordpress\wp-content\themes\Custom WP Theme\front-page.php on line 150

2022-10-04T19:33:25+00:00 CRITICAL syntax error, unexpected token "as" in E:\xampp\htdocs\bhavik\customwordpress\wp-content\themes\Custom WP Theme\front-page.php on line 112

2022-10-04T20:15:19+00:00 CRITICAL syntax error, unexpected token "<", expecting end of file in E:\xampp\htdocs\bhavik\customwordpress\wp-content\themes\Custom WP Theme\front-page.php on line 22

2022-10-04T20:21:32+00:00 CRITICAL Uncaught Error: Object of class stdClass could not be converted to string in E:\xampp\htdocs\bhavik\customwordpress\wp-content\themes\Custom WP Theme\front-page.php:37
Stack trace:
#0 E:\xampp\htdocs\bhavik\customwordpress\wp-includes\template-loader.php(106): include()
#1 E:\xampp\htdocs\bhavik\customwordpress\wp-blog-header.php(19): require_once('E:\\xampp\\htdocs...')
#2 E:\xampp\htdocs\bhavik\customwordpress\index.php(17): require('E:\\xampp\\htdocs...')
#3 {main}
  thrown in E:\xampp\htdocs\bhavik\customwordpress\wp-content\themes\Custom WP Theme\front-page.php on line 37

2022-10-04T20:36:19+00:00 CRITICAL Uncaught Error: Call to a member function get_id() on null in E:\xampp\htdocs\bhavik\customwordpress\wp-content\themes\Custom WP Theme\front-page.php:16
Stack trace:
#0 E:\xampp\htdocs\bhavik\customwordpress\wp-includes\template-loader.php(106): include()
#1 E:\xampp\htdocs\bhavik\customwordpress\wp-blog-header.php(19): require_once('E:\\xampp\\htdocs...')
#2 E:\xampp\htdocs\bhavik\customwordpress\index.php(17): require('E:\\xampp\\htdocs...')
#3 {main}
  thrown in E:\xampp\htdocs\bhavik\customwordpress\wp-content\themes\Custom WP Theme\front-page.php on line 16

2022-10-04T20:55:05+00:00 CRITICAL Uncaught Error: Call to undefined function wp_query() in E:\xampp\htdocs\bhavik\customwordpress\wp-content\themes\Custom WP Theme\front-page.php:35
Stack trace:
#0 E:\xampp\htdocs\bhavik\customwordpress\wp-includes\template-loader.php(106): include()
#1 E:\xampp\htdocs\bhavik\customwordpress\wp-blog-header.php(19): require_once('E:\\xampp\\htdocs...')
#2 E:\xampp\htdocs\bhavik\customwordpress\index.php(17): require('E:\\xampp\\htdocs...')
#3 {main}
  thrown in E:\xampp\htdocs\bhavik\customwordpress\wp-content\themes\Custom WP Theme\front-page.php on line 35

2022-10-04T20:55:22+00:00 CRITICAL Uncaught Error: Call to undefined function wp_query() in E:\xampp\htdocs\bhavik\customwordpress\wp-content\themes\Custom WP Theme\front-page.php:35
Stack trace:
#0 E:\xampp\htdocs\bhavik\customwordpress\wp-includes\template-loader.php(106): include()
#1 E:\xampp\htdocs\bhavik\customwordpress\wp-blog-header.php(19): require_once('E:\\xampp\\htdocs...')
#2 E:\xampp\htdocs\bhavik\customwordpress\index.php(17): require('E:\\xampp\\htdocs...')
#3 {main}
  thrown in E:\xampp\htdocs\bhavik\customwordpress\wp-content\themes\Custom WP Theme\front-page.php on line 35

2022-10-04T20:55:36+00:00 CRITICAL Uncaught Error: Call to undefined function wp_query() in E:\xampp\htdocs\bhavik\customwordpress\wp-content\themes\Custom WP Theme\front-page.php:35
Stack trace:
#0 E:\xampp\htdocs\bhavik\customwordpress\wp-includes\template-loader.php(106): include()
#1 E:\xampp\htdocs\bhavik\customwordpress\wp-blog-header.php(19): require_once('E:\\xampp\\htdocs...')
#2 E:\xampp\htdocs\bhavik\customwordpress\index.php(17): require('E:\\xampp\\htdocs...')
#3 {main}
  thrown in E:\xampp\htdocs\bhavik\customwordpress\wp-content\themes\Custom WP Theme\front-page.php on line 35

2022-10-04T20:57:44+00:00 CRITICAL Uncaught Error: Call to undefined function wp_query() in E:\xampp\htdocs\bhavik\customwordpress\wp-content\themes\Custom WP Theme\front-page.php:29
Stack trace:
#0 E:\xampp\htdocs\bhavik\customwordpress\wp-includes\template-loader.php(106): include()
#1 E:\xampp\htdocs\bhavik\customwordpress\wp-blog-header.php(19): require_once('E:\\xampp\\htdocs...')
#2 E:\xampp\htdocs\bhavik\customwordpress\index.php(17): require('E:\\xampp\\htdocs...')
#3 {main}
  thrown in E:\xampp\htdocs\bhavik\customwordpress\wp-content\themes\Custom WP Theme\front-page.php on line 29

2022-10-04T20:58:21+00:00 CRITICAL Uncaught Error: Call to undefined function wp_query() in E:\xampp\htdocs\bhavik\customwordpress\wp-content\themes\Custom WP Theme\front-page.php:29
Stack trace:
#0 E:\xampp\htdocs\bhavik\customwordpress\wp-includes\template-loader.php(106): include()
#1 E:\xampp\htdocs\bhavik\customwordpress\wp-blog-header.php(19): require_once('E:\\xampp\\htdocs...')
#2 E:\xampp\htdocs\bhavik\customwordpress\index.php(17): require('E:\\xampp\\htdocs...')
#3 {main}
  thrown in E:\xampp\htdocs\bhavik\customwordpress\wp-content\themes\Custom WP Theme\front-page.php on line 29

2022-10-04T20:58:35+00:00 CRITICAL Uncaught Error: Call to undefined function wp_query() in E:\xampp\htdocs\bhavik\customwordpress\wp-content\themes\Custom WP Theme\front-page.php:29
Stack trace:
#0 E:\xampp\htdocs\bhavik\customwordpress\wp-includes\template-loader.php(106): include()
#1 E:\xampp\htdocs\bhavik\customwordpress\wp-blog-header.php(19): require_once('E:\\xampp\\htdocs...')
#2 E:\xampp\htdocs\bhavik\customwordpress\index.php(17): require('E:\\xampp\\htdocs...')
#3 {main}
  thrown in E:\xampp\htdocs\bhavik\customwordpress\wp-content\themes\Custom WP Theme\front-page.php on line 29

2022-10-04T20:58:46+00:00 CRITICAL Uncaught Error: Call to undefined function wp_query() in E:\xampp\htdocs\bhavik\customwordpress\wp-content\themes\Custom WP Theme\front-page.php:29
Stack trace:
#0 E:\xampp\htdocs\bhavik\customwordpress\wp-includes\template-loader.php(106): include()
#1 E:\xampp\htdocs\bhavik\customwordpress\wp-blog-header.php(19): require_once('E:\\xampp\\htdocs...')
#2 E:\xampp\htdocs\bhavik\customwordpress\index.php(17): require('E:\\xampp\\htdocs...')
#3 {main}
  thrown in E:\xampp\htdocs\bhavik\customwordpress\wp-content\themes\Custom WP Theme\front-page.php on line 29

2022-10-04T21:29:07+00:00 CRITICAL Uncaught Error: Call to undefined function wp_query() in E:\xampp\htdocs\bhavik\customwordpress\wp-content\themes\Custom WP Theme\front-page.php:25
Stack trace:
#0 E:\xampp\htdocs\bhavik\customwordpress\wp-includes\template-loader.php(106): include()
#1 E:\xampp\htdocs\bhavik\customwordpress\wp-blog-header.php(19): require_once('E:\\xampp\\htdocs...')
#2 E:\xampp\htdocs\bhavik\customwordpress\index.php(17): require('E:\\xampp\\htdocs...')
#3 {main}
  thrown in E:\xampp\htdocs\bhavik\customwordpress\wp-content\themes\Custom WP Theme\front-page.php on line 25

2022-10-04T21:41:30+00:00 CRITICAL syntax error, unexpected token ";", expecting ")" in E:\xampp\htdocs\bhavik\customwordpress\wp-content\themes\Custom WP Theme\front-page.php on line 15

2022-10-04T21:51:56+00:00 CRITICAL Uncaught Error: Call to undefined function wp_query() in E:\xampp\htdocs\bhavik\customwordpress\wp-content\themes\Custom WP Theme\front-page.php:25
Stack trace:
#0 E:\xampp\htdocs\bhavik\customwordpress\wp-includes\template-loader.php(106): include()
#1 E:\xampp\htdocs\bhavik\customwordpress\wp-blog-header.php(19): require_once('E:\\xampp\\htdocs...')
#2 E:\xampp\htdocs\bhavik\customwordpress\index.php(17): require('E:\\xampp\\htdocs...')
#3 {main}
  thrown in E:\xampp\htdocs\bhavik\customwordpress\wp-content\themes\Custom WP Theme\front-page.php on line 25

2022-10-04T21:52:31+00:00 CRITICAL Uncaught Error: Call to undefined function wp_query() in E:\xampp\htdocs\bhavik\customwordpress\wp-content\themes\Custom WP Theme\front-page.php:25
Stack trace:
#0 E:\xampp\htdocs\bhavik\customwordpress\wp-includes\template-loader.php(106): include()
#1 E:\xampp\htdocs\bhavik\customwordpress\wp-blog-header.php(19): require_once('E:\\xampp\\htdocs...')
#2 E:\xampp\htdocs\bhavik\customwordpress\index.php(17): require('E:\\xampp\\htdocs...')
#3 {main}
  thrown in E:\xampp\htdocs\bhavik\customwordpress\wp-content\themes\Custom WP Theme\front-page.php on line 25

2022-10-04T21:52:46+00:00 CRITICAL Uncaught Error: Call to undefined function wp_query() in E:\xampp\htdocs\bhavik\customwordpress\wp-content\themes\Custom WP Theme\front-page.php:25
Stack trace:
#0 E:\xampp\htdocs\bhavik\customwordpress\wp-includes\template-loader.php(106): include()
#1 E:\xampp\htdocs\bhavik\customwordpress\wp-blog-header.php(19): require_once('E:\\xampp\\htdocs...')
#2 E:\xampp\htdocs\bhavik\customwordpress\index.php(17): require('E:\\xampp\\htdocs...')
#3 {main}
  thrown in E:\xampp\htdocs\bhavik\customwordpress\wp-content\themes\Custom WP Theme\front-page.php on line 25

